2024-07-09T08:48:19.388Z 0: 

----------------------------------------------
2024-07-09T08:48:19.744Z 1: Discord starting: {"releaseChannel":"stable","version":"0.0.59"}, modulepath: /home/filip/.config/discord/0.0.59/modules
2024-07-09T08:48:19.955Z 2: ✅ webContents.created web1 ""
2024-07-09T08:48:20.262Z 3: ✅ window.created win1 "discord"
2024-07-09T08:48:25.420Z 4: ✅ webContents.did-finish-load web1
2024-07-09T08:49:54.390Z 5: ✅ webContents.created web2 ""
2024-07-09T08:49:54.673Z 6: ✅ window.created win2 "Discord"
2024-07-09T08:50:20.244Z 7: ✅ webContents.did-finish-load web2
2024-07-09T08:50:20.863Z 8: window.close win1
2024-07-09T08:50:21.023Z 9: webContents.destroyed web1
2024-07-09T08:50:21.146Z 10: window.closed win1
2024-07-09T08:50:26.367Z 11: window.close win2
2024-07-09T08:51:11.236Z 0: 

----------------------------------------------
2024-07-09T08:51:11.364Z 1: Discord starting: {"releaseChannel":"stable","version":"0.0.59"}, modulepath: /home/filip/.config/discord/0.0.59/modules
2024-07-09T09:49:01.569Z 12: window.close win2
2024-07-09T09:49:02.563Z 13: before-quit
2024-07-09T23:07:17.177Z 0: 

----------------------------------------------
2024-07-09T23:07:17.679Z 1: Discord starting: {"releaseChannel":"stable","version":"0.0.59"}, modulepath: /home/filip/.config/discord/0.0.59/modules
2024-07-09T23:07:17.815Z 2: ✅ webContents.created web1 ""
2024-07-09T23:07:17.926Z 3: ✅ window.created win1 "discord"
2024-07-09T23:07:24.643Z 4: ✅ webContents.did-finish-load web1
2024-07-09T23:07:25.753Z 5: ✅ webContents.created web2 ""
2024-07-09T23:07:25.931Z 6: ✅ window.created win2 "Discord"
2024-07-09T23:07:42.435Z 7: ✅ webContents.did-finish-load web2
2024-07-09T23:07:42.657Z 8: window.close win1
2024-07-09T23:07:42.710Z 9: webContents.destroyed web1
2024-07-09T23:07:42.795Z 10: window.closed win1
2024-07-09T23:09:11.193Z 11: window.close win2
2024-07-09T23:09:24.549Z 0: 

----------------------------------------------
2024-07-09T23:09:24.768Z 1: Discord starting: {"releaseChannel":"stable","version":"0.0.59"}, modulepath: /home/filip/.config/discord/0.0.59/modules
2024-07-09T23:42:01.150Z 12: window.close win2
2024-07-09T23:42:44.041Z 13: before-quit
2024-07-10T09:04:54.385Z 0: 

----------------------------------------------
2024-07-10T09:04:55.475Z 1: Discord starting: {"releaseChannel":"stable","version":"0.0.59"}, modulepath: /home/filip/.config/discord/0.0.59/modules
2024-07-10T09:04:55.641Z 2: ✅ webContents.created web1 ""
2024-07-10T09:04:55.740Z 3: ✅ window.created win1 "discord"
2024-07-10T09:05:01.821Z 4: ✅ webContents.did-finish-load web1
2024-07-10T09:05:02.633Z 5: ✅ webContents.created web2 ""
2024-07-10T09:05:02.763Z 6: ✅ window.created win2 "Discord"
2024-07-10T09:05:14.817Z 7: ✅ webContents.did-finish-load web2
2024-07-10T09:05:14.991Z 8: window.close win1
2024-07-10T09:05:15.067Z 9: webContents.destroyed web1
2024-07-10T09:05:15.123Z 10: window.closed win1
